<?xml version="1.0" encoding="UTF-8"?>
<!-- Generated by org.testng.reporters.JUnitReportReporter -->
<testsuite hostname="DESKTOP-QCPSTRN" failures="0" tests="1" name="com.banking.testCases.TC_LoginTest_001" time="2.283" errors="0" timestamp="2022-05-15T22:34:55 EDT" skipped="0">
  <testcase classname="com.banking.testCases.TC_LoginTest_001" name="LoginTest" time="2.283"/>
  <system-out/>
</testsuite> <!-- com.banking.testCases.TC_LoginTest_001 -->
