<?xml version="1.0" encoding="UTF-8"?>
<!-- Generated by org.testng.reporters.JUnitReportReporter -->
<testsuite hostname="DESKTOP-QCPSTRN" failures="0" tests="1" name="com.banking.testCases.TC_NewCustomer_002" time="23.471" errors="0" timestamp="2022-05-15T22:33:31 EDT" skipped="0">
  <testcase classname="com.banking.testCases.TC_NewCustomer_002" name="AddNewCustomer" time="23.471"/>
  <system-out/>
</testsuite> <!-- com.banking.testCases.TC_NewCustomer_002 -->
