<?xml version="1.0" encoding="UTF-8"?>
<!-- Generated by org.testng.reporters.JUnitReportReporter -->
<testsuite skipped="0" hostname="DESKTOP-QCPSTRN" name="com.banking.testCases.TC_LoginTest_001" tests="1" failures="0" timestamp="2022-05-17T17:46:54 EDT" time="3.085" errors="0">
  <testcase name="LoginTest" time="3.085" classname="com.banking.testCases.TC_LoginTest_001"/>
  <system-out/>
</testsuite> <!-- com.banking.testCases.TC_LoginTest_001 -->
